<?xml version="1.0" encoding="UTF-8"?>
<testng-results ignored="0" total="1" passed="1" failed="0" skipped="0">
  <reporter-output>
    <line>
      <![CDATA[Empty Chrome Browser is launched Successfully]]>
    </line>
    <line>
      <![CDATA[Browser Window is maximized]]>
    </line>
  </reporter-output>
  <suite started-at="2023-01-23T09:26:45 IST" name="Default suite" finished-at="2023-01-23T09:27:20 IST" duration-ms="35487">
    <groups>
    </groups>
    <test started-at="2023-01-23T09:26:45 IST" name="Default test" finished-at="2023-01-23T09:27:20 IST" duration-ms="35487">
      <class name="bus_Module.Bus_Oneway005">
        <test-method is-config="true" signature="browserSetUp(java.lang.String)[pri:0, instance:bus_Module.Bus_Oneway005@1ed1993a]" started-at="2023-01-23T09:26:45 IST" name="browserSetUp" finished-at="2023-01-23T09:27:04 IST" duration-ms="18632" status="PASS">
          <params>
            <param index="0">
              <value>
                <![CDATA[chrome]]>
              </value>
            </param>
          </params>
          <reporter-output>
            <line>
              <![CDATA[Empty Chrome Browser is launched Successfully]]>
            </line>
            <line>
              <![CDATA[Browser Window is maximized]]>
            </line>
          </reporter-output>
        </test-method> <!-- browserSetUp -->
        <test-method signature="searchFlights()[pri:0, instance:bus_Module.Bus_Oneway005@1ed1993a]" started-at="2023-01-23T09:27:04 IST" name="searchFlights" finished-at="2023-01-23T09:27:20 IST" duration-ms="16417" status="PASS">
          <reporter-output>
          </reporter-output>
        </test-method> <!-- searchFlights -->
        <test-method is-config="true" signature="browserTermination()[pri:0, instance:bus_Module.Bus_Oneway005@1ed1993a]" started-at="2023-01-23T09:27:20 IST" name="browserTermination" finished-at="2023-01-23T09:27:20 IST" duration-ms="389" status="PASS">
          <reporter-output>
          </reporter-output>
        </test-method> <!-- browserTermination -->
      </class> <!-- bus_Module.Bus_Oneway005 -->
    </test> <!-- Default test -->
  </suite> <!-- Default suite -->
</testng-results>
